<?xml version="1.0" encoding="UTF-8"?>
<testng-results skipped="0" failed="1" ignored="0" total="7" passed="6">
  <reporter-output>
  </reporter-output>
  <suite name="appium_AndroidAutomation" duration-ms="92690" started-at="2020-11-04T08:51:51 IST" finished-at="2020-11-04T08:53:24 IST">
    <groups>
    </groups>
    <test name="projectLevelconfiguration" duration-ms="10" started-at="2020-11-04T08:51:51 IST" finished-at="2020-11-04T08:51:51 IST">
    </test> <!-- projectLevelconfiguration -->
    <test name="startServer" duration-ms="92644" started-at="2020-11-04T08:51:51 IST" finished-at="2020-11-04T08:53:24 IST">
      <class name="automation.Automation.LoginPageTest">
        <test-method status="PASS" signature="testSetup()[pri:0, instance:automation.Automation.LoginPageTest@66d1af89]" name="testSetup" is-config="true" duration-ms="5" started-at="2020-11-04T08:52:12 IST" finished-at="2020-11-04T08:52:12 IST">
          <reporter-output>
          </reporter-output>
        </test-method> <!-- testSetup -->
        <test-method status="PASS" signature="LoginAccountLableTest()[pri:0, instance:automation.Automation.LoginPageTest@66d1af89]" name="LoginAccountLableTest" duration-ms="4046" started-at="2020-11-04T08:52:12 IST" finished-at="2020-11-04T08:52:16 IST">
          <reporter-output>
          </reporter-output>
        </test-method> <!-- LoginAccountLableTest -->
        <test-method status="PASS" signature="createAccountLableTest()[pri:0, instance:automation.Automation.LoginPageTest@66d1af89]" name="createAccountLableTest" duration-ms="742" started-at="2020-11-04T08:52:16 IST" finished-at="2020-11-04T08:52:17 IST">
          <reporter-output>
          </reporter-output>
        </test-method> <!-- createAccountLableTest -->
        <test-method status="PASS" signature="loginTest()[pri:0, instance:automation.Automation.LoginPageTest@66d1af89]" name="loginTest" duration-ms="15850" started-at="2020-11-04T08:52:17 IST" finished-at="2020-11-04T08:52:32 IST">
          <reporter-output>
          </reporter-output>
        </test-method> <!-- loginTest -->
        <test-method status="PASS" signature="tearDown()[pri:0, instance:automation.Automation.LoginPageTest@66d1af89]" name="tearDown" is-config="true" duration-ms="1" started-at="2020-11-04T08:52:32 IST" finished-at="2020-11-04T08:52:32 IST">
          <reporter-output>
          </reporter-output>
        </test-method> <!-- tearDown -->
      </class> <!-- automation.Automation.LoginPageTest -->
      <class name="automation.Automation.ProductSearchTest">
        <test-method status="PASS" signature="testSetup()[pri:0, instance:automation.Automation.ProductSearchTest@8646db9]" name="testSetup" is-config="true" duration-ms="0" started-at="2020-11-04T08:52:32 IST" finished-at="2020-11-04T08:52:32 IST">
          <reporter-output>
          </reporter-output>
        </test-method> <!-- testSetup -->
        <test-method status="PASS" signature="SearchProduct()[pri:0, instance:automation.Automation.ProductSearchTest@8646db9]" name="SearchProduct" duration-ms="24359" started-at="2020-11-04T08:52:32 IST" finished-at="2020-11-04T08:52:57 IST">
          <reporter-output>
          </reporter-output>
        </test-method> <!-- SearchProduct -->
        <test-method status="FAIL" signature="addToCart()[pri:0, instance:automation.Automation.ProductSearchTest@8646db9]" name="addToCart" duration-ms="2866" started-at="2020-11-04T08:52:57 IST" finished-at="2020-11-04T08:53:00 IST">
          <exception class="java.lang.AssertionError">
            <message>
              <![CDATA[expected:<0> but was:<1>]]>
            </message>
            <full-stacktrace>
              <![CDATA[java.lang.AssertionError: expected:<0> but was:<1>
at org.junit.Assert.fail(Assert.java:88)
at org.junit.Assert.failNotEquals(Assert.java:743)
at org.junit.Assert.assertEquals(Assert.java:118)
at org.junit.Assert.assertEquals(Assert.java:555)
at org.junit.Assert.assertEquals(Assert.java:542)
at automation.Automation.ProductSearchTest.addToCart(ProductSearchTest.java:98)
at sun.reflect.NativeMethodAccessorImpl.invoke0(Native Method)
at sun.reflect.NativeMethodAccessorImpl.invoke(NativeMethodAccessorImpl.java:62)
at sun.reflect.DelegatingMethodAccessorImpl.invoke(DelegatingMethodAccessorImpl.java:43)
at java.lang.reflect.Method.invoke(Method.java:498)
at org.testng.internal.MethodInvocationHelper.invokeMethod(MethodInvocationHelper.java:134)
at org.testng.internal.TestInvoker.invokeMethod(TestInvoker.java:597)
at org.testng.internal.TestInvoker.invokeTestMethod(TestInvoker.java:173)
at org.testng.internal.MethodRunner.runInSequence(MethodRunner.java:46)
at org.testng.internal.TestInvoker$MethodInvocationAgent.invoke(TestInvoker.java:816)
at org.testng.internal.TestInvoker.invokeTestMethods(TestInvoker.java:146)
at org.testng.internal.TestMethodWorker.invokeTestMethods(TestMethodWorker.java:146)
at org.testng.internal.TestMethodWorker.run(TestMethodWorker.java:128)
at java.util.ArrayList.forEach(ArrayList.java:1257)
at org.testng.TestRunner.privateRun(TestRunner.java:766)
at org.testng.TestRunner.run(TestRunner.java:587)
at org.testng.SuiteRunner.runTest(SuiteRunner.java:384)
at org.testng.SuiteRunner.runSequentially(SuiteRunner.java:378)
at org.testng.SuiteRunner.privateRun(SuiteRunner.java:337)
at org.testng.SuiteRunner.run(SuiteRunner.java:286)
at org.testng.SuiteRunnerWorker.runSuite(SuiteRunnerWorker.java:53)
at org.testng.SuiteRunnerWorker.run(SuiteRunnerWorker.java:96)
at org.testng.TestNG.runSuitesSequentially(TestNG.java:1187)
at org.testng.TestNG.runSuitesLocally(TestNG.java:1109)
at org.testng.TestNG.runSuites(TestNG.java:1039)
at org.testng.TestNG.run(TestNG.java:1007)
at org.testng.remote.AbstractRemoteTestNG.run(AbstractRemoteTestNG.java:115)
at org.testng.remote.RemoteTestNG.initAndRun(RemoteTestNG.java:251)
at org.testng.remote.RemoteTestNG.main(RemoteTestNG.java:77)
]]>
            </full-stacktrace>
          </exception> <!-- java.lang.AssertionError -->
          <reporter-output>
          </reporter-output>
        </test-method> <!-- addToCart -->
        <test-method status="PASS" signature="cart()[pri:0, instance:automation.Automation.ProductSearchTest@8646db9]" name="cart" duration-ms="10282" started-at="2020-11-04T08:53:02 IST" finished-at="2020-11-04T08:53:12 IST">
          <reporter-output>
          </reporter-output>
        </test-method> <!-- cart -->
        <test-method status="PASS" signature="tearDown()[pri:0, instance:automation.Automation.ProductSearchTest@8646db9]" name="tearDown" is-config="true" duration-ms="11813" started-at="2020-11-04T08:53:12 IST" finished-at="2020-11-04T08:53:24 IST">
          <reporter-output>
          </reporter-output>
        </test-method> <!-- tearDown -->
      </class> <!-- automation.Automation.ProductSearchTest -->
      <class name="automation.CommonUtilities.InitializeResources">
        <test-method status="PASS" signature="setup()[pri:0, instance:automation.CommonUtilities.InitializeResources@7e2d773b]" name="setup" is-config="true" duration-ms="3420" started-at="2020-11-04T08:51:48 IST" finished-at="2020-11-04T08:51:51 IST">
          <reporter-output>
          </reporter-output>
        </test-method> <!-- setup -->
        <test-method status="PASS" signature="tearDown()[pri:0, instance:automation.CommonUtilities.InitializeResources@7e2d773b]" name="tearDown" is-config="true" duration-ms="51" started-at="2020-11-04T08:53:24 IST" finished-at="2020-11-04T08:53:24 IST">
          <reporter-output>
          </reporter-output>
        </test-method> <!-- tearDown -->
      </class> <!-- automation.CommonUtilities.InitializeResources -->
      <class name="automation.Automation.SignInPageTest">
        <test-method status="PASS" signature="testSetup()[pri:0, instance:automation.Automation.SignInPageTest@4a87761d]" name="testSetup" is-config="true" duration-ms="18143" started-at="2020-11-04T08:51:51 IST" finished-at="2020-11-04T08:52:09 IST">
          <reporter-output>
          </reporter-output>
        </test-method> <!-- testSetup -->
        <test-method status="PASS" signature="tearDown()[pri:0, instance:automation.Automation.SignInPageTest@4a87761d]" name="tearDown" is-config="true" duration-ms="0" started-at="2020-11-04T08:51:51 IST" finished-at="2020-11-04T08:51:51 IST">
          <reporter-output>
          </reporter-output>
        </test-method> <!-- tearDown -->
        <test-method status="PASS" signature="signInButtonTest()[pri:0, instance:automation.Automation.SignInPageTest@4a87761d]" name="signInButtonTest" duration-ms="2619" started-at="2020-11-04T08:52:09 IST" finished-at="2020-11-04T08:52:12 IST">
          <reporter-output>
          </reporter-output>
        </test-method> <!-- signInButtonTest -->
      </class> <!-- automation.Automation.SignInPageTest -->
    </test> <!-- startServer -->
  </suite> <!-- appium_AndroidAutomation -->
</testng-results>
